<?xml version="1.0" encoding="UTF-8"?>
<!-- Generated by org.testng.reporters.JUnitReportReporter -->
<testsuite skipped="0" hostname="LAPTOP-KJ3GRK2G" name="sampleGit.SampleGit" tests="1" failures="0" timestamp="26 Aug 2018 06:11:46 GMT" time="24.536" errors="0">
  <testcase name="login" time="24.536" classname="sampleGit.SampleGit"/>
</testsuite> <!-- sampleGit.SampleGit -->
